[2024-09-02T06:51:17.783+0000] {processor.py:186} INFO - Started process (PID=63) to work on /opt/airflow/dags/example_dag.py
[2024-09-02T06:51:17.799+0000] {processor.py:914} INFO - Processing file /opt/airflow/dags/example_dag.py for tasks to queue
[2024-09-02T06:51:17.841+0000] {logging_mixin.py:190} INFO - [2024-09-02T06:51:17.836+0000] {dagbag.py:587} INFO - Filling up the DagBag from /opt/airflow/dags/example_dag.py
[2024-09-02T06:51:18.202+0000] {processor.py:925} INFO - DAG(s) 'example_dag' retrieved from /opt/airflow/dags/example_dag.py
[2024-09-02T06:51:19.265+0000] {logging_mixin.py:190} INFO - [2024-09-02T06:51:19.265+0000] {dag.py:3211} INFO - Sync 1 DAGs
[2024-09-02T06:51:19.370+0000] {logging_mixin.py:190} INFO - [2024-09-02T06:51:19.370+0000] {dag.py:4138} INFO - Setting next_dagrun for example_dag to 2024-09-01 00:00:00+00:00, run_after=2024-09-02 00:00:00+00:00
[2024-09-02T06:51:19.438+0000] {processor.py:208} INFO - Processing /opt/airflow/dags/example_dag.py took 1.751 seconds
[2024-09-02T06:51:49.726+0000] {processor.py:186} INFO - Started process (PID=70) to work on /opt/airflow/dags/example_dag.py
[2024-09-02T06:51:49.728+0000] {processor.py:914} INFO - Processing file /opt/airflow/dags/example_dag.py for tasks to queue
[2024-09-02T06:51:49.732+0000] {logging_mixin.py:190} INFO - [2024-09-02T06:51:49.731+0000] {dagbag.py:587} INFO - Filling up the DagBag from /opt/airflow/dags/example_dag.py
[2024-09-02T06:51:49.761+0000] {processor.py:925} INFO - DAG(s) 'example_dag' retrieved from /opt/airflow/dags/example_dag.py
[2024-09-02T06:51:49.807+0000] {logging_mixin.py:190} INFO - [2024-09-02T06:51:49.807+0000] {dag.py:3211} INFO - Sync 1 DAGs
[2024-09-02T06:51:49.838+0000] {logging_mixin.py:190} INFO - [2024-09-02T06:51:49.838+0000] {dag.py:4138} INFO - Setting next_dagrun for example_dag to 2024-09-01 00:00:00+00:00, run_after=2024-09-02 00:00:00+00:00
[2024-09-02T06:51:49.862+0000] {processor.py:208} INFO - Processing /opt/airflow/dags/example_dag.py took 0.145 seconds
[2024-09-02T06:52:20.046+0000] {processor.py:186} INFO - Started process (PID=77) to work on /opt/airflow/dags/example_dag.py
[2024-09-02T06:52:20.048+0000] {processor.py:914} INFO - Processing file /opt/airflow/dags/example_dag.py for tasks to queue
[2024-09-02T06:52:20.052+0000] {logging_mixin.py:190} INFO - [2024-09-02T06:52:20.052+0000] {dagbag.py:587} INFO - Filling up the DagBag from /opt/airflow/dags/example_dag.py
[2024-09-02T06:52:20.105+0000] {processor.py:925} INFO - DAG(s) 'example_dag' retrieved from /opt/airflow/dags/example_dag.py
[2024-09-02T06:52:20.185+0000] {logging_mixin.py:190} INFO - [2024-09-02T06:52:20.185+0000] {dag.py:3211} INFO - Sync 1 DAGs
[2024-09-02T06:52:20.239+0000] {logging_mixin.py:190} INFO - [2024-09-02T06:52:20.238+0000] {dag.py:4138} INFO - Setting next_dagrun for example_dag to 2024-09-01 00:00:00+00:00, run_after=2024-09-02 00:00:00+00:00
[2024-09-02T06:52:20.288+0000] {processor.py:208} INFO - Processing /opt/airflow/dags/example_dag.py took 0.260 seconds
[2024-09-02T06:52:50.489+0000] {processor.py:186} INFO - Started process (PID=84) to work on /opt/airflow/dags/example_dag.py
[2024-09-02T06:52:50.490+0000] {processor.py:914} INFO - Processing file /opt/airflow/dags/example_dag.py for tasks to queue
[2024-09-02T06:52:50.493+0000] {logging_mixin.py:190} INFO - [2024-09-02T06:52:50.493+0000] {dagbag.py:587} INFO - Filling up the DagBag from /opt/airflow/dags/example_dag.py
[2024-09-02T06:52:50.519+0000] {processor.py:925} INFO - DAG(s) 'example_dag' retrieved from /opt/airflow/dags/example_dag.py
[2024-09-02T06:52:50.554+0000] {logging_mixin.py:190} INFO - [2024-09-02T06:52:50.553+0000] {dag.py:3211} INFO - Sync 1 DAGs
[2024-09-02T06:52:50.580+0000] {logging_mixin.py:190} INFO - [2024-09-02T06:52:50.579+0000] {dag.py:4138} INFO - Setting next_dagrun for example_dag to 2024-09-01 00:00:00+00:00, run_after=2024-09-02 00:00:00+00:00
[2024-09-02T06:52:50.602+0000] {processor.py:208} INFO - Processing /opt/airflow/dags/example_dag.py took 0.126 seconds
[2024-09-02T06:53:20.948+0000] {processor.py:186} INFO - Started process (PID=91) to work on /opt/airflow/dags/example_dag.py
[2024-09-02T06:53:20.949+0000] {processor.py:914} INFO - Processing file /opt/airflow/dags/example_dag.py for tasks to queue
[2024-09-02T06:53:20.952+0000] {logging_mixin.py:190} INFO - [2024-09-02T06:53:20.952+0000] {dagbag.py:587} INFO - Filling up the DagBag from /opt/airflow/dags/example_dag.py
[2024-09-02T06:53:20.979+0000] {processor.py:925} INFO - DAG(s) 'example_dag' retrieved from /opt/airflow/dags/example_dag.py
[2024-09-02T06:53:21.005+0000] {logging_mixin.py:190} INFO - [2024-09-02T06:53:21.005+0000] {dag.py:3211} INFO - Sync 1 DAGs
[2024-09-02T06:53:21.033+0000] {logging_mixin.py:190} INFO - [2024-09-02T06:53:21.033+0000] {dag.py:4138} INFO - Setting next_dagrun for example_dag to 2024-09-01 00:00:00+00:00, run_after=2024-09-02 00:00:00+00:00
[2024-09-02T06:53:21.054+0000] {processor.py:208} INFO - Processing /opt/airflow/dags/example_dag.py took 0.113 seconds
[2024-09-02T06:53:51.300+0000] {processor.py:186} INFO - Started process (PID=99) to work on /opt/airflow/dags/example_dag.py
[2024-09-02T06:53:51.301+0000] {processor.py:914} INFO - Processing file /opt/airflow/dags/example_dag.py for tasks to queue
[2024-09-02T06:53:51.304+0000] {logging_mixin.py:190} INFO - [2024-09-02T06:53:51.303+0000] {dagbag.py:587} INFO - Filling up the DagBag from /opt/airflow/dags/example_dag.py
[2024-09-02T06:53:51.339+0000] {processor.py:925} INFO - DAG(s) 'example_dag' retrieved from /opt/airflow/dags/example_dag.py
[2024-09-02T06:53:51.368+0000] {logging_mixin.py:190} INFO - [2024-09-02T06:53:51.367+0000] {dag.py:3211} INFO - Sync 1 DAGs
[2024-09-02T06:53:51.389+0000] {logging_mixin.py:190} INFO - [2024-09-02T06:53:51.389+0000] {dag.py:4138} INFO - Setting next_dagrun for example_dag to 2024-09-01 00:00:00+00:00, run_after=2024-09-02 00:00:00+00:00
[2024-09-02T06:53:51.413+0000] {processor.py:208} INFO - Processing /opt/airflow/dags/example_dag.py took 0.119 seconds
[2024-09-02T06:54:21.656+0000] {processor.py:186} INFO - Started process (PID=106) to work on /opt/airflow/dags/example_dag.py
[2024-09-02T06:54:21.657+0000] {processor.py:914} INFO - Processing file /opt/airflow/dags/example_dag.py for tasks to queue
[2024-09-02T06:54:21.658+0000] {logging_mixin.py:190} INFO - [2024-09-02T06:54:21.658+0000] {dagbag.py:587} INFO - Filling up the DagBag from /opt/airflow/dags/example_dag.py
[2024-09-02T06:54:21.680+0000] {processor.py:925} INFO - DAG(s) 'example_dag' retrieved from /opt/airflow/dags/example_dag.py
[2024-09-02T06:54:21.699+0000] {logging_mixin.py:190} INFO - [2024-09-02T06:54:21.698+0000] {dag.py:3211} INFO - Sync 1 DAGs
[2024-09-02T06:54:21.720+0000] {logging_mixin.py:190} INFO - [2024-09-02T06:54:21.719+0000] {dag.py:4138} INFO - Setting next_dagrun for example_dag to 2024-09-01 00:00:00+00:00, run_after=2024-09-02 00:00:00+00:00
[2024-09-02T06:54:21.742+0000] {processor.py:208} INFO - Processing /opt/airflow/dags/example_dag.py took 0.091 seconds
[2024-09-02T06:54:52.008+0000] {processor.py:186} INFO - Started process (PID=113) to work on /opt/airflow/dags/example_dag.py
[2024-09-02T06:54:52.011+0000] {processor.py:914} INFO - Processing file /opt/airflow/dags/example_dag.py for tasks to queue
[2024-09-02T06:54:52.014+0000] {logging_mixin.py:190} INFO - [2024-09-02T06:54:52.014+0000] {dagbag.py:587} INFO - Filling up the DagBag from /opt/airflow/dags/example_dag.py
[2024-09-02T06:54:52.043+0000] {processor.py:925} INFO - DAG(s) 'example_dag' retrieved from /opt/airflow/dags/example_dag.py
[2024-09-02T06:54:52.079+0000] {logging_mixin.py:190} INFO - [2024-09-02T06:54:52.079+0000] {dag.py:3211} INFO - Sync 1 DAGs
[2024-09-02T06:54:52.108+0000] {logging_mixin.py:190} INFO - [2024-09-02T06:54:52.108+0000] {dag.py:4138} INFO - Setting next_dagrun for example_dag to 2024-09-01 00:00:00+00:00, run_after=2024-09-02 00:00:00+00:00
[2024-09-02T06:54:52.130+0000] {processor.py:208} INFO - Processing /opt/airflow/dags/example_dag.py took 0.128 seconds
[2024-09-02T08:30:32.052+0000] {processor.py:186} INFO - Started process (PID=58) to work on /opt/airflow/dags/example_dag.py
[2024-09-02T08:30:32.057+0000] {processor.py:914} INFO - Processing file /opt/airflow/dags/example_dag.py for tasks to queue
[2024-09-02T08:30:32.071+0000] {logging_mixin.py:190} INFO - [2024-09-02T08:30:32.069+0000] {dagbag.py:587} INFO - Filling up the DagBag from /opt/airflow/dags/example_dag.py
[2024-09-02T08:30:32.328+0000] {processor.py:925} INFO - DAG(s) 'example_dag' retrieved from /opt/airflow/dags/example_dag.py
[2024-09-02T08:30:32.539+0000] {logging_mixin.py:190} INFO - [2024-09-02T08:30:32.538+0000] {dag.py:3211} INFO - Sync 1 DAGs
[2024-09-02T08:30:32.600+0000] {logging_mixin.py:190} INFO - [2024-09-02T08:30:32.600+0000] {dag.py:4138} INFO - Setting next_dagrun for example_dag to 2024-09-01 00:00:00+00:00, run_after=2024-09-02 00:00:00+00:00
[2024-09-02T08:30:32.648+0000] {processor.py:208} INFO - Processing /opt/airflow/dags/example_dag.py took 0.632 seconds
[2024-09-02T08:31:02.987+0000] {processor.py:186} INFO - Started process (PID=64) to work on /opt/airflow/dags/example_dag.py
[2024-09-02T08:31:02.988+0000] {processor.py:914} INFO - Processing file /opt/airflow/dags/example_dag.py for tasks to queue
[2024-09-02T08:31:02.990+0000] {logging_mixin.py:190} INFO - [2024-09-02T08:31:02.990+0000] {dagbag.py:587} INFO - Filling up the DagBag from /opt/airflow/dags/example_dag.py
[2024-09-02T08:31:03.011+0000] {processor.py:925} INFO - DAG(s) 'example_dag' retrieved from /opt/airflow/dags/example_dag.py
[2024-09-02T08:31:03.037+0000] {logging_mixin.py:190} INFO - [2024-09-02T08:31:03.037+0000] {dag.py:3211} INFO - Sync 1 DAGs
[2024-09-02T08:31:03.058+0000] {logging_mixin.py:190} INFO - [2024-09-02T08:31:03.058+0000] {dag.py:4138} INFO - Setting next_dagrun for example_dag to 2024-09-01 00:00:00+00:00, run_after=2024-09-02 00:00:00+00:00
[2024-09-02T08:31:03.078+0000] {processor.py:208} INFO - Processing /opt/airflow/dags/example_dag.py took 0.097 seconds
[2024-09-02T08:31:33.313+0000] {processor.py:186} INFO - Started process (PID=71) to work on /opt/airflow/dags/example_dag.py
[2024-09-02T08:31:33.314+0000] {processor.py:914} INFO - Processing file /opt/airflow/dags/example_dag.py for tasks to queue
[2024-09-02T08:31:33.317+0000] {logging_mixin.py:190} INFO - [2024-09-02T08:31:33.317+0000] {dagbag.py:587} INFO - Filling up the DagBag from /opt/airflow/dags/example_dag.py
[2024-09-02T08:31:33.338+0000] {processor.py:925} INFO - DAG(s) 'example_dag' retrieved from /opt/airflow/dags/example_dag.py
[2024-09-02T08:31:33.366+0000] {logging_mixin.py:190} INFO - [2024-09-02T08:31:33.366+0000] {dag.py:3211} INFO - Sync 1 DAGs
[2024-09-02T08:31:33.385+0000] {logging_mixin.py:190} INFO - [2024-09-02T08:31:33.385+0000] {dag.py:4138} INFO - Setting next_dagrun for example_dag to 2024-09-01 00:00:00+00:00, run_after=2024-09-02 00:00:00+00:00
[2024-09-02T08:31:33.405+0000] {processor.py:208} INFO - Processing /opt/airflow/dags/example_dag.py took 0.097 seconds
[2024-09-02T08:32:03.751+0000] {processor.py:186} INFO - Started process (PID=79) to work on /opt/airflow/dags/example_dag.py
[2024-09-02T08:32:03.752+0000] {processor.py:914} INFO - Processing file /opt/airflow/dags/example_dag.py for tasks to queue
[2024-09-02T08:32:03.754+0000] {logging_mixin.py:190} INFO - [2024-09-02T08:32:03.754+0000] {dagbag.py:587} INFO - Filling up the DagBag from /opt/airflow/dags/example_dag.py
[2024-09-02T08:32:03.774+0000] {processor.py:925} INFO - DAG(s) 'example_dag' retrieved from /opt/airflow/dags/example_dag.py
[2024-09-02T08:32:03.796+0000] {logging_mixin.py:190} INFO - [2024-09-02T08:32:03.796+0000] {dag.py:3211} INFO - Sync 1 DAGs
[2024-09-02T08:32:03.816+0000] {logging_mixin.py:190} INFO - [2024-09-02T08:32:03.815+0000] {dag.py:4138} INFO - Setting next_dagrun for example_dag to 2024-09-01 00:00:00+00:00, run_after=2024-09-02 00:00:00+00:00
[2024-09-02T08:32:03.836+0000] {processor.py:208} INFO - Processing /opt/airflow/dags/example_dag.py took 0.090 seconds
[2024-09-02T08:32:34.079+0000] {processor.py:186} INFO - Started process (PID=86) to work on /opt/airflow/dags/example_dag.py
[2024-09-02T08:32:34.080+0000] {processor.py:914} INFO - Processing file /opt/airflow/dags/example_dag.py for tasks to queue
[2024-09-02T08:32:34.082+0000] {logging_mixin.py:190} INFO - [2024-09-02T08:32:34.081+0000] {dagbag.py:587} INFO - Filling up the DagBag from /opt/airflow/dags/example_dag.py
[2024-09-02T08:32:34.096+0000] {processor.py:925} INFO - DAG(s) 'example_dag' retrieved from /opt/airflow/dags/example_dag.py
[2024-09-02T08:32:34.116+0000] {logging_mixin.py:190} INFO - [2024-09-02T08:32:34.116+0000] {dag.py:3211} INFO - Sync 1 DAGs
[2024-09-02T08:32:34.136+0000] {logging_mixin.py:190} INFO - [2024-09-02T08:32:34.136+0000] {dag.py:4138} INFO - Setting next_dagrun for example_dag to 2024-09-01 00:00:00+00:00, run_after=2024-09-02 00:00:00+00:00
[2024-09-02T08:32:34.155+0000] {processor.py:208} INFO - Processing /opt/airflow/dags/example_dag.py took 0.081 seconds
[2024-09-02T08:33:04.448+0000] {processor.py:186} INFO - Started process (PID=93) to work on /opt/airflow/dags/example_dag.py
[2024-09-02T08:33:04.450+0000] {processor.py:914} INFO - Processing file /opt/airflow/dags/example_dag.py for tasks to queue
[2024-09-02T08:33:04.452+0000] {logging_mixin.py:190} INFO - [2024-09-02T08:33:04.452+0000] {dagbag.py:587} INFO - Filling up the DagBag from /opt/airflow/dags/example_dag.py
[2024-09-02T08:33:04.473+0000] {processor.py:925} INFO - DAG(s) 'example_dag' retrieved from /opt/airflow/dags/example_dag.py
[2024-09-02T08:33:04.499+0000] {logging_mixin.py:190} INFO - [2024-09-02T08:33:04.499+0000] {dag.py:3211} INFO - Sync 1 DAGs
[2024-09-02T08:33:04.522+0000] {logging_mixin.py:190} INFO - [2024-09-02T08:33:04.522+0000] {dag.py:4138} INFO - Setting next_dagrun for example_dag to 2024-09-01 00:00:00+00:00, run_after=2024-09-02 00:00:00+00:00
[2024-09-02T08:33:04.543+0000] {processor.py:208} INFO - Processing /opt/airflow/dags/example_dag.py took 0.100 seconds
[2024-09-02T08:33:34.784+0000] {processor.py:186} INFO - Started process (PID=100) to work on /opt/airflow/dags/example_dag.py
[2024-09-02T08:33:34.785+0000] {processor.py:914} INFO - Processing file /opt/airflow/dags/example_dag.py for tasks to queue
[2024-09-02T08:33:34.787+0000] {logging_mixin.py:190} INFO - [2024-09-02T08:33:34.787+0000] {dagbag.py:587} INFO - Filling up the DagBag from /opt/airflow/dags/example_dag.py
[2024-09-02T08:33:34.812+0000] {processor.py:925} INFO - DAG(s) 'example_dag' retrieved from /opt/airflow/dags/example_dag.py
[2024-09-02T08:33:34.847+0000] {logging_mixin.py:190} INFO - [2024-09-02T08:33:34.847+0000] {dag.py:3211} INFO - Sync 1 DAGs
[2024-09-02T08:33:34.887+0000] {logging_mixin.py:190} INFO - [2024-09-02T08:33:34.886+0000] {dag.py:4138} INFO - Setting next_dagrun for example_dag to 2024-09-01 00:00:00+00:00, run_after=2024-09-02 00:00:00+00:00
[2024-09-02T08:33:34.924+0000] {processor.py:208} INFO - Processing /opt/airflow/dags/example_dag.py took 0.145 seconds
[2024-09-02T08:34:05.105+0000] {processor.py:186} INFO - Started process (PID=114) to work on /opt/airflow/dags/example_dag.py
[2024-09-02T08:34:05.106+0000] {processor.py:914} INFO - Processing file /opt/airflow/dags/example_dag.py for tasks to queue
[2024-09-02T08:34:05.108+0000] {logging_mixin.py:190} INFO - [2024-09-02T08:34:05.108+0000] {dagbag.py:587} INFO - Filling up the DagBag from /opt/airflow/dags/example_dag.py
[2024-09-02T08:34:05.123+0000] {processor.py:925} INFO - DAG(s) 'example_dag' retrieved from /opt/airflow/dags/example_dag.py
[2024-09-02T08:34:05.147+0000] {logging_mixin.py:190} INFO - [2024-09-02T08:34:05.147+0000] {dag.py:3211} INFO - Sync 1 DAGs
[2024-09-02T08:34:05.169+0000] {logging_mixin.py:190} INFO - [2024-09-02T08:34:05.169+0000] {dag.py:4138} INFO - Setting next_dagrun for example_dag to 2024-09-01 00:00:00+00:00, run_after=2024-09-02 00:00:00+00:00
[2024-09-02T08:34:05.189+0000] {processor.py:208} INFO - Processing /opt/airflow/dags/example_dag.py took 0.090 seconds
[2024-09-02T08:34:35.456+0000] {processor.py:186} INFO - Started process (PID=121) to work on /opt/airflow/dags/example_dag.py
[2024-09-02T08:34:35.457+0000] {processor.py:914} INFO - Processing file /opt/airflow/dags/example_dag.py for tasks to queue
[2024-09-02T08:34:35.459+0000] {logging_mixin.py:190} INFO - [2024-09-02T08:34:35.459+0000] {dagbag.py:587} INFO - Filling up the DagBag from /opt/airflow/dags/example_dag.py
[2024-09-02T08:34:35.480+0000] {processor.py:925} INFO - DAG(s) 'example_dag' retrieved from /opt/airflow/dags/example_dag.py
[2024-09-02T08:34:35.505+0000] {logging_mixin.py:190} INFO - [2024-09-02T08:34:35.504+0000] {dag.py:3211} INFO - Sync 1 DAGs
[2024-09-02T08:34:35.538+0000] {logging_mixin.py:190} INFO - [2024-09-02T08:34:35.538+0000] {dag.py:4138} INFO - Setting next_dagrun for example_dag to 2024-09-01 00:00:00+00:00, run_after=2024-09-02 00:00:00+00:00
[2024-09-02T08:34:35.563+0000] {processor.py:208} INFO - Processing /opt/airflow/dags/example_dag.py took 0.113 seconds
[2024-09-02T08:35:05.755+0000] {processor.py:186} INFO - Started process (PID=128) to work on /opt/airflow/dags/example_dag.py
[2024-09-02T08:35:05.756+0000] {processor.py:914} INFO - Processing file /opt/airflow/dags/example_dag.py for tasks to queue
[2024-09-02T08:35:05.759+0000] {logging_mixin.py:190} INFO - [2024-09-02T08:35:05.759+0000] {dagbag.py:587} INFO - Filling up the DagBag from /opt/airflow/dags/example_dag.py
[2024-09-02T08:35:05.777+0000] {processor.py:925} INFO - DAG(s) 'example_dag' retrieved from /opt/airflow/dags/example_dag.py
[2024-09-02T08:35:05.800+0000] {logging_mixin.py:190} INFO - [2024-09-02T08:35:05.799+0000] {dag.py:3211} INFO - Sync 1 DAGs
[2024-09-02T08:35:05.822+0000] {logging_mixin.py:190} INFO - [2024-09-02T08:35:05.822+0000] {dag.py:4138} INFO - Setting next_dagrun for example_dag to 2024-09-01 00:00:00+00:00, run_after=2024-09-02 00:00:00+00:00
[2024-09-02T08:35:05.849+0000] {processor.py:208} INFO - Processing /opt/airflow/dags/example_dag.py took 0.099 seconds
