[2024-09-01T20:39:18.622+0000] {processor.py:186} INFO - Started process (PID=59) to work on /opt/airflow/dags/example_dag.py
[2024-09-01T20:39:18.623+0000] {processor.py:914} INFO - Processing file /opt/airflow/dags/example_dag.py for tasks to queue
[2024-09-01T20:39:18.626+0000] {logging_mixin.py:190} INFO - [2024-09-01T20:39:18.625+0000] {dagbag.py:587} INFO - Filling up the DagBag from /opt/airflow/dags/example_dag.py
[2024-09-01T20:39:18.722+0000] {processor.py:925} INFO - DAG(s) 'example_dag' retrieved from /opt/airflow/dags/example_dag.py
[2024-09-01T20:39:19.751+0000] {logging_mixin.py:190} INFO - [2024-09-01T20:39:19.750+0000] {override.py:1858} INFO - Created Permission View: can edit on DAG:example_dag
[2024-09-01T20:39:19.771+0000] {logging_mixin.py:190} INFO - [2024-09-01T20:39:19.771+0000] {override.py:1858} INFO - Created Permission View: can delete on DAG:example_dag
[2024-09-01T20:39:19.784+0000] {logging_mixin.py:190} INFO - [2024-09-01T20:39:19.784+0000] {override.py:1858} INFO - Created Permission View: can read on DAG:example_dag
[2024-09-01T20:39:19.787+0000] {logging_mixin.py:190} INFO - [2024-09-01T20:39:19.787+0000] {dag.py:3211} INFO - Sync 1 DAGs
[2024-09-01T20:39:19.835+0000] {logging_mixin.py:190} INFO - [2024-09-01T20:39:19.835+0000] {dag.py:3234} INFO - Creating ORM DAG for example_dag
[2024-09-01T20:39:19.871+0000] {logging_mixin.py:190} INFO - [2024-09-01T20:39:19.870+0000] {dag.py:4138} INFO - Setting next_dagrun for example_dag to 2024-08-31 00:00:00+00:00, run_after=2024-09-01 00:00:00+00:00
[2024-09-01T20:39:19.911+0000] {processor.py:208} INFO - Processing /opt/airflow/dags/example_dag.py took 1.304 seconds
[2024-09-01T20:39:50.196+0000] {processor.py:186} INFO - Started process (PID=73) to work on /opt/airflow/dags/example_dag.py
[2024-09-01T20:39:50.198+0000] {processor.py:914} INFO - Processing file /opt/airflow/dags/example_dag.py for tasks to queue
[2024-09-01T20:39:50.210+0000] {logging_mixin.py:190} INFO - [2024-09-01T20:39:50.208+0000] {dagbag.py:587} INFO - Filling up the DagBag from /opt/airflow/dags/example_dag.py
[2024-09-01T20:39:50.296+0000] {processor.py:925} INFO - DAG(s) 'example_dag' retrieved from /opt/airflow/dags/example_dag.py
[2024-09-01T20:39:50.392+0000] {logging_mixin.py:190} INFO - [2024-09-01T20:39:50.392+0000] {dag.py:3211} INFO - Sync 1 DAGs
[2024-09-01T20:39:50.447+0000] {logging_mixin.py:190} INFO - [2024-09-01T20:39:50.446+0000] {dag.py:4138} INFO - Setting next_dagrun for example_dag to 2024-08-31 00:00:00+00:00, run_after=2024-09-01 00:00:00+00:00
[2024-09-01T20:39:50.486+0000] {processor.py:208} INFO - Processing /opt/airflow/dags/example_dag.py took 0.319 seconds
[2024-09-01T20:40:20.774+0000] {processor.py:186} INFO - Started process (PID=80) to work on /opt/airflow/dags/example_dag.py
[2024-09-01T20:40:20.776+0000] {processor.py:914} INFO - Processing file /opt/airflow/dags/example_dag.py for tasks to queue
[2024-09-01T20:40:20.777+0000] {logging_mixin.py:190} INFO - [2024-09-01T20:40:20.776+0000] {dagbag.py:587} INFO - Filling up the DagBag from /opt/airflow/dags/example_dag.py
[2024-09-01T20:40:20.799+0000] {processor.py:925} INFO - DAG(s) 'example_dag' retrieved from /opt/airflow/dags/example_dag.py
[2024-09-01T20:40:20.823+0000] {logging_mixin.py:190} INFO - [2024-09-01T20:40:20.823+0000] {dag.py:3211} INFO - Sync 1 DAGs
[2024-09-01T20:40:20.844+0000] {logging_mixin.py:190} INFO - [2024-09-01T20:40:20.843+0000] {dag.py:4138} INFO - Setting next_dagrun for example_dag to 2024-08-31 00:00:00+00:00, run_after=2024-09-01 00:00:00+00:00
[2024-09-01T20:40:20.864+0000] {processor.py:208} INFO - Processing /opt/airflow/dags/example_dag.py took 0.095 seconds
[2024-09-01T20:40:51.072+0000] {processor.py:186} INFO - Started process (PID=87) to work on /opt/airflow/dags/example_dag.py
[2024-09-01T20:40:51.074+0000] {processor.py:914} INFO - Processing file /opt/airflow/dags/example_dag.py for tasks to queue
[2024-09-01T20:40:51.077+0000] {logging_mixin.py:190} INFO - [2024-09-01T20:40:51.075+0000] {dagbag.py:587} INFO - Filling up the DagBag from /opt/airflow/dags/example_dag.py
[2024-09-01T20:40:51.102+0000] {processor.py:925} INFO - DAG(s) 'example_dag' retrieved from /opt/airflow/dags/example_dag.py
[2024-09-01T20:40:51.135+0000] {logging_mixin.py:190} INFO - [2024-09-01T20:40:51.135+0000] {dag.py:3211} INFO - Sync 1 DAGs
[2024-09-01T20:40:51.163+0000] {logging_mixin.py:190} INFO - [2024-09-01T20:40:51.162+0000] {dag.py:4138} INFO - Setting next_dagrun for example_dag to 2024-08-31 00:00:00+00:00, run_after=2024-09-01 00:00:00+00:00
[2024-09-01T20:40:51.184+0000] {processor.py:208} INFO - Processing /opt/airflow/dags/example_dag.py took 0.117 seconds
[2024-09-01T20:41:21.413+0000] {processor.py:186} INFO - Started process (PID=94) to work on /opt/airflow/dags/example_dag.py
[2024-09-01T20:41:21.414+0000] {processor.py:914} INFO - Processing file /opt/airflow/dags/example_dag.py for tasks to queue
[2024-09-01T20:41:21.416+0000] {logging_mixin.py:190} INFO - [2024-09-01T20:41:21.415+0000] {dagbag.py:587} INFO - Filling up the DagBag from /opt/airflow/dags/example_dag.py
[2024-09-01T20:41:21.432+0000] {processor.py:925} INFO - DAG(s) 'example_dag' retrieved from /opt/airflow/dags/example_dag.py
[2024-09-01T20:41:21.463+0000] {logging_mixin.py:190} INFO - [2024-09-01T20:41:21.462+0000] {dag.py:3211} INFO - Sync 1 DAGs
[2024-09-01T20:41:21.484+0000] {logging_mixin.py:190} INFO - [2024-09-01T20:41:21.483+0000] {dag.py:4138} INFO - Setting next_dagrun for example_dag to 2024-08-31 00:00:00+00:00, run_after=2024-09-01 00:00:00+00:00
[2024-09-01T20:41:21.503+0000] {processor.py:208} INFO - Processing /opt/airflow/dags/example_dag.py took 0.095 seconds
[2024-09-01T20:41:51.811+0000] {processor.py:186} INFO - Started process (PID=101) to work on /opt/airflow/dags/example_dag.py
[2024-09-01T20:41:51.812+0000] {processor.py:914} INFO - Processing file /opt/airflow/dags/example_dag.py for tasks to queue
[2024-09-01T20:41:51.813+0000] {logging_mixin.py:190} INFO - [2024-09-01T20:41:51.813+0000] {dagbag.py:587} INFO - Filling up the DagBag from /opt/airflow/dags/example_dag.py
[2024-09-01T20:41:51.830+0000] {processor.py:925} INFO - DAG(s) 'example_dag' retrieved from /opt/airflow/dags/example_dag.py
[2024-09-01T20:41:51.853+0000] {logging_mixin.py:190} INFO - [2024-09-01T20:41:51.853+0000] {dag.py:3211} INFO - Sync 1 DAGs
[2024-09-01T20:41:51.876+0000] {logging_mixin.py:190} INFO - [2024-09-01T20:41:51.876+0000] {dag.py:4138} INFO - Setting next_dagrun for example_dag to 2024-08-31 00:00:00+00:00, run_after=2024-09-01 00:00:00+00:00
[2024-09-01T20:41:51.898+0000] {processor.py:208} INFO - Processing /opt/airflow/dags/example_dag.py took 0.092 seconds
[2024-09-01T20:42:22.142+0000] {processor.py:186} INFO - Started process (PID=108) to work on /opt/airflow/dags/example_dag.py
[2024-09-01T20:42:22.143+0000] {processor.py:914} INFO - Processing file /opt/airflow/dags/example_dag.py for tasks to queue
[2024-09-01T20:42:22.145+0000] {logging_mixin.py:190} INFO - [2024-09-01T20:42:22.144+0000] {dagbag.py:587} INFO - Filling up the DagBag from /opt/airflow/dags/example_dag.py
[2024-09-01T20:42:22.163+0000] {processor.py:925} INFO - DAG(s) 'example_dag' retrieved from /opt/airflow/dags/example_dag.py
[2024-09-01T20:42:22.190+0000] {logging_mixin.py:190} INFO - [2024-09-01T20:42:22.190+0000] {dag.py:3211} INFO - Sync 1 DAGs
[2024-09-01T20:42:22.210+0000] {logging_mixin.py:190} INFO - [2024-09-01T20:42:22.210+0000] {dag.py:4138} INFO - Setting next_dagrun for example_dag to 2024-08-31 00:00:00+00:00, run_after=2024-09-01 00:00:00+00:00
[2024-09-01T20:42:22.233+0000] {processor.py:208} INFO - Processing /opt/airflow/dags/example_dag.py took 0.095 seconds
[2024-09-01T20:42:52.518+0000] {processor.py:186} INFO - Started process (PID=115) to work on /opt/airflow/dags/example_dag.py
[2024-09-01T20:42:52.519+0000] {processor.py:914} INFO - Processing file /opt/airflow/dags/example_dag.py for tasks to queue
[2024-09-01T20:42:52.521+0000] {logging_mixin.py:190} INFO - [2024-09-01T20:42:52.520+0000] {dagbag.py:587} INFO - Filling up the DagBag from /opt/airflow/dags/example_dag.py
[2024-09-01T20:42:52.535+0000] {processor.py:925} INFO - DAG(s) 'example_dag' retrieved from /opt/airflow/dags/example_dag.py
[2024-09-01T20:42:52.556+0000] {logging_mixin.py:190} INFO - [2024-09-01T20:42:52.556+0000] {dag.py:3211} INFO - Sync 1 DAGs
[2024-09-01T20:42:52.575+0000] {logging_mixin.py:190} INFO - [2024-09-01T20:42:52.575+0000] {dag.py:4138} INFO - Setting next_dagrun for example_dag to 2024-08-31 00:00:00+00:00, run_after=2024-09-01 00:00:00+00:00
[2024-09-01T20:42:52.595+0000] {processor.py:208} INFO - Processing /opt/airflow/dags/example_dag.py took 0.081 seconds
[2024-09-01T20:43:22.808+0000] {processor.py:186} INFO - Started process (PID=122) to work on /opt/airflow/dags/example_dag.py
[2024-09-01T20:43:22.809+0000] {processor.py:914} INFO - Processing file /opt/airflow/dags/example_dag.py for tasks to queue
[2024-09-01T20:43:22.812+0000] {logging_mixin.py:190} INFO - [2024-09-01T20:43:22.811+0000] {dagbag.py:587} INFO - Filling up the DagBag from /opt/airflow/dags/example_dag.py
[2024-09-01T20:43:22.830+0000] {processor.py:925} INFO - DAG(s) 'example_dag' retrieved from /opt/airflow/dags/example_dag.py
[2024-09-01T20:43:22.861+0000] {logging_mixin.py:190} INFO - [2024-09-01T20:43:22.861+0000] {dag.py:3211} INFO - Sync 1 DAGs
[2024-09-01T20:43:22.885+0000] {logging_mixin.py:190} INFO - [2024-09-01T20:43:22.885+0000] {dag.py:4138} INFO - Setting next_dagrun for example_dag to 2024-08-31 00:00:00+00:00, run_after=2024-09-01 00:00:00+00:00
[2024-09-01T20:43:22.909+0000] {processor.py:208} INFO - Processing /opt/airflow/dags/example_dag.py took 0.107 seconds
[2024-09-01T20:43:53.157+0000] {processor.py:186} INFO - Started process (PID=129) to work on /opt/airflow/dags/example_dag.py
[2024-09-01T20:43:53.158+0000] {processor.py:914} INFO - Processing file /opt/airflow/dags/example_dag.py for tasks to queue
[2024-09-01T20:43:53.159+0000] {logging_mixin.py:190} INFO - [2024-09-01T20:43:53.159+0000] {dagbag.py:587} INFO - Filling up the DagBag from /opt/airflow/dags/example_dag.py
[2024-09-01T20:43:53.175+0000] {processor.py:925} INFO - DAG(s) 'example_dag' retrieved from /opt/airflow/dags/example_dag.py
[2024-09-01T20:43:53.196+0000] {logging_mixin.py:190} INFO - [2024-09-01T20:43:53.196+0000] {dag.py:3211} INFO - Sync 1 DAGs
[2024-09-01T20:43:53.219+0000] {logging_mixin.py:190} INFO - [2024-09-01T20:43:53.219+0000] {dag.py:4138} INFO - Setting next_dagrun for example_dag to 2024-08-31 00:00:00+00:00, run_after=2024-09-01 00:00:00+00:00
[2024-09-01T20:43:53.239+0000] {processor.py:208} INFO - Processing /opt/airflow/dags/example_dag.py took 0.086 seconds
[2024-09-01T20:44:23.505+0000] {processor.py:186} INFO - Started process (PID=136) to work on /opt/airflow/dags/example_dag.py
[2024-09-01T20:44:23.505+0000] {processor.py:914} INFO - Processing file /opt/airflow/dags/example_dag.py for tasks to queue
[2024-09-01T20:44:23.507+0000] {logging_mixin.py:190} INFO - [2024-09-01T20:44:23.506+0000] {dagbag.py:587} INFO - Filling up the DagBag from /opt/airflow/dags/example_dag.py
[2024-09-01T20:44:23.522+0000] {processor.py:925} INFO - DAG(s) 'example_dag' retrieved from /opt/airflow/dags/example_dag.py
[2024-09-01T20:44:23.543+0000] {logging_mixin.py:190} INFO - [2024-09-01T20:44:23.543+0000] {dag.py:3211} INFO - Sync 1 DAGs
[2024-09-01T20:44:23.565+0000] {logging_mixin.py:190} INFO - [2024-09-01T20:44:23.564+0000] {dag.py:4138} INFO - Setting next_dagrun for example_dag to 2024-08-31 00:00:00+00:00, run_after=2024-09-01 00:00:00+00:00
[2024-09-01T20:44:23.591+0000] {processor.py:208} INFO - Processing /opt/airflow/dags/example_dag.py took 0.091 seconds
[2024-09-01T20:44:53.778+0000] {processor.py:186} INFO - Started process (PID=143) to work on /opt/airflow/dags/example_dag.py
[2024-09-01T20:44:53.779+0000] {processor.py:914} INFO - Processing file /opt/airflow/dags/example_dag.py for tasks to queue
[2024-09-01T20:44:53.780+0000] {logging_mixin.py:190} INFO - [2024-09-01T20:44:53.780+0000] {dagbag.py:587} INFO - Filling up the DagBag from /opt/airflow/dags/example_dag.py
[2024-09-01T20:44:53.799+0000] {processor.py:925} INFO - DAG(s) 'example_dag' retrieved from /opt/airflow/dags/example_dag.py
[2024-09-01T20:44:53.823+0000] {logging_mixin.py:190} INFO - [2024-09-01T20:44:53.823+0000] {dag.py:3211} INFO - Sync 1 DAGs
[2024-09-01T20:44:54.044+0000] {logging_mixin.py:190} INFO - [2024-09-01T20:44:54.044+0000] {dag.py:4138} INFO - Setting next_dagrun for example_dag to 2024-08-31 00:00:00+00:00, run_after=2024-09-01 00:00:00+00:00
[2024-09-01T20:44:54.065+0000] {processor.py:208} INFO - Processing /opt/airflow/dags/example_dag.py took 0.293 seconds
[2024-09-01T20:45:24.115+0000] {processor.py:186} INFO - Started process (PID=150) to work on /opt/airflow/dags/example_dag.py
[2024-09-01T20:45:24.116+0000] {processor.py:914} INFO - Processing file /opt/airflow/dags/example_dag.py for tasks to queue
[2024-09-01T20:45:24.118+0000] {logging_mixin.py:190} INFO - [2024-09-01T20:45:24.117+0000] {dagbag.py:587} INFO - Filling up the DagBag from /opt/airflow/dags/example_dag.py
[2024-09-01T20:45:24.139+0000] {processor.py:925} INFO - DAG(s) 'example_dag' retrieved from /opt/airflow/dags/example_dag.py
[2024-09-01T20:45:24.166+0000] {logging_mixin.py:190} INFO - [2024-09-01T20:45:24.166+0000] {dag.py:3211} INFO - Sync 1 DAGs
[2024-09-01T20:45:24.332+0000] {logging_mixin.py:190} INFO - [2024-09-01T20:45:24.332+0000] {dag.py:4138} INFO - Setting next_dagrun for example_dag to 2024-08-31 00:00:00+00:00, run_after=2024-09-01 00:00:00+00:00
[2024-09-01T20:45:24.352+0000] {processor.py:208} INFO - Processing /opt/airflow/dags/example_dag.py took 0.246 seconds
[2024-09-01T20:45:54.577+0000] {processor.py:186} INFO - Started process (PID=157) to work on /opt/airflow/dags/example_dag.py
[2024-09-01T20:45:54.577+0000] {processor.py:914} INFO - Processing file /opt/airflow/dags/example_dag.py for tasks to queue
[2024-09-01T20:45:54.578+0000] {logging_mixin.py:190} INFO - [2024-09-01T20:45:54.578+0000] {dagbag.py:587} INFO - Filling up the DagBag from /opt/airflow/dags/example_dag.py
[2024-09-01T20:45:54.594+0000] {processor.py:925} INFO - DAG(s) 'example_dag' retrieved from /opt/airflow/dags/example_dag.py
[2024-09-01T20:45:54.617+0000] {logging_mixin.py:190} INFO - [2024-09-01T20:45:54.616+0000] {dag.py:3211} INFO - Sync 1 DAGs
[2024-09-01T20:45:54.638+0000] {logging_mixin.py:190} INFO - [2024-09-01T20:45:54.638+0000] {dag.py:4138} INFO - Setting next_dagrun for example_dag to 2024-08-31 00:00:00+00:00, run_after=2024-09-01 00:00:00+00:00
[2024-09-01T20:45:54.659+0000] {processor.py:208} INFO - Processing /opt/airflow/dags/example_dag.py took 0.089 seconds
[2024-09-01T20:46:24.940+0000] {processor.py:186} INFO - Started process (PID=164) to work on /opt/airflow/dags/example_dag.py
[2024-09-01T20:46:24.942+0000] {processor.py:914} INFO - Processing file /opt/airflow/dags/example_dag.py for tasks to queue
[2024-09-01T20:46:24.945+0000] {logging_mixin.py:190} INFO - [2024-09-01T20:46:24.944+0000] {dagbag.py:587} INFO - Filling up the DagBag from /opt/airflow/dags/example_dag.py
[2024-09-01T20:46:24.971+0000] {processor.py:925} INFO - DAG(s) 'example_dag' retrieved from /opt/airflow/dags/example_dag.py
[2024-09-01T20:46:24.992+0000] {logging_mixin.py:190} INFO - [2024-09-01T20:46:24.992+0000] {dag.py:3211} INFO - Sync 1 DAGs
[2024-09-01T20:46:25.011+0000] {logging_mixin.py:190} INFO - [2024-09-01T20:46:25.011+0000] {dag.py:4138} INFO - Setting next_dagrun for example_dag to 2024-08-31 00:00:00+00:00, run_after=2024-09-01 00:00:00+00:00
[2024-09-01T20:46:25.031+0000] {processor.py:208} INFO - Processing /opt/airflow/dags/example_dag.py took 0.095 seconds
[2024-09-01T20:46:55.236+0000] {processor.py:186} INFO - Started process (PID=171) to work on /opt/airflow/dags/example_dag.py
[2024-09-01T20:46:55.237+0000] {processor.py:914} INFO - Processing file /opt/airflow/dags/example_dag.py for tasks to queue
[2024-09-01T20:46:55.239+0000] {logging_mixin.py:190} INFO - [2024-09-01T20:46:55.239+0000] {dagbag.py:587} INFO - Filling up the DagBag from /opt/airflow/dags/example_dag.py
[2024-09-01T20:46:55.259+0000] {processor.py:925} INFO - DAG(s) 'example_dag' retrieved from /opt/airflow/dags/example_dag.py
[2024-09-01T20:46:55.283+0000] {logging_mixin.py:190} INFO - [2024-09-01T20:46:55.283+0000] {dag.py:3211} INFO - Sync 1 DAGs
[2024-09-01T20:46:55.302+0000] {logging_mixin.py:190} INFO - [2024-09-01T20:46:55.301+0000] {dag.py:4138} INFO - Setting next_dagrun for example_dag to 2024-08-31 00:00:00+00:00, run_after=2024-09-01 00:00:00+00:00
[2024-09-01T20:46:55.322+0000] {processor.py:208} INFO - Processing /opt/airflow/dags/example_dag.py took 0.091 seconds
[2024-09-01T20:47:25.626+0000] {processor.py:186} INFO - Started process (PID=178) to work on /opt/airflow/dags/example_dag.py
[2024-09-01T20:47:25.631+0000] {processor.py:914} INFO - Processing file /opt/airflow/dags/example_dag.py for tasks to queue
[2024-09-01T20:47:25.638+0000] {logging_mixin.py:190} INFO - [2024-09-01T20:47:25.638+0000] {dagbag.py:587} INFO - Filling up the DagBag from /opt/airflow/dags/example_dag.py
[2024-09-01T20:47:25.724+0000] {processor.py:925} INFO - DAG(s) 'example_dag' retrieved from /opt/airflow/dags/example_dag.py
[2024-09-01T20:47:25.767+0000] {logging_mixin.py:190} INFO - [2024-09-01T20:47:25.767+0000] {dag.py:3211} INFO - Sync 1 DAGs
[2024-09-01T20:47:25.812+0000] {logging_mixin.py:190} INFO - [2024-09-01T20:47:25.812+0000] {dag.py:4138} INFO - Setting next_dagrun for example_dag to 2024-08-31 00:00:00+00:00, run_after=2024-09-01 00:00:00+00:00
[2024-09-01T20:47:26.393+0000] {processor.py:208} INFO - Processing /opt/airflow/dags/example_dag.py took 0.785 seconds
[2024-09-01T20:47:57.042+0000] {processor.py:186} INFO - Started process (PID=185) to work on /opt/airflow/dags/example_dag.py
[2024-09-01T20:47:57.043+0000] {processor.py:914} INFO - Processing file /opt/airflow/dags/example_dag.py for tasks to queue
[2024-09-01T20:47:57.044+0000] {logging_mixin.py:190} INFO - [2024-09-01T20:47:57.044+0000] {dagbag.py:587} INFO - Filling up the DagBag from /opt/airflow/dags/example_dag.py
[2024-09-01T20:47:57.060+0000] {processor.py:925} INFO - DAG(s) 'example_dag' retrieved from /opt/airflow/dags/example_dag.py
[2024-09-01T20:47:57.084+0000] {logging_mixin.py:190} INFO - [2024-09-01T20:47:57.083+0000] {dag.py:3211} INFO - Sync 1 DAGs
[2024-09-01T20:47:57.216+0000] {logging_mixin.py:190} INFO - [2024-09-01T20:47:57.215+0000] {dag.py:4138} INFO - Setting next_dagrun for example_dag to 2024-08-31 00:00:00+00:00, run_after=2024-09-01 00:00:00+00:00
[2024-09-01T20:47:57.236+0000] {processor.py:208} INFO - Processing /opt/airflow/dags/example_dag.py took 0.200 seconds
[2024-09-01T20:48:27.361+0000] {processor.py:186} INFO - Started process (PID=192) to work on /opt/airflow/dags/example_dag.py
[2024-09-01T20:48:27.362+0000] {processor.py:914} INFO - Processing file /opt/airflow/dags/example_dag.py for tasks to queue
[2024-09-01T20:48:27.364+0000] {logging_mixin.py:190} INFO - [2024-09-01T20:48:27.364+0000] {dagbag.py:587} INFO - Filling up the DagBag from /opt/airflow/dags/example_dag.py
[2024-09-01T20:48:27.384+0000] {processor.py:925} INFO - DAG(s) 'example_dag' retrieved from /opt/airflow/dags/example_dag.py
[2024-09-01T20:48:27.406+0000] {logging_mixin.py:190} INFO - [2024-09-01T20:48:27.406+0000] {dag.py:3211} INFO - Sync 1 DAGs
[2024-09-01T20:48:27.426+0000] {logging_mixin.py:190} INFO - [2024-09-01T20:48:27.426+0000] {dag.py:4138} INFO - Setting next_dagrun for example_dag to 2024-08-31 00:00:00+00:00, run_after=2024-09-01 00:00:00+00:00
[2024-09-01T20:48:27.446+0000] {processor.py:208} INFO - Processing /opt/airflow/dags/example_dag.py took 0.093 seconds
[2024-09-01T20:48:57.683+0000] {processor.py:186} INFO - Started process (PID=199) to work on /opt/airflow/dags/example_dag.py
[2024-09-01T20:48:57.684+0000] {processor.py:914} INFO - Processing file /opt/airflow/dags/example_dag.py for tasks to queue
[2024-09-01T20:48:57.685+0000] {logging_mixin.py:190} INFO - [2024-09-01T20:48:57.685+0000] {dagbag.py:587} INFO - Filling up the DagBag from /opt/airflow/dags/example_dag.py
[2024-09-01T20:48:57.708+0000] {processor.py:925} INFO - DAG(s) 'example_dag' retrieved from /opt/airflow/dags/example_dag.py
[2024-09-01T20:48:57.729+0000] {logging_mixin.py:190} INFO - [2024-09-01T20:48:57.729+0000] {dag.py:3211} INFO - Sync 1 DAGs
[2024-09-01T20:48:57.750+0000] {logging_mixin.py:190} INFO - [2024-09-01T20:48:57.750+0000] {dag.py:4138} INFO - Setting next_dagrun for example_dag to 2024-08-31 00:00:00+00:00, run_after=2024-09-01 00:00:00+00:00
[2024-09-01T20:48:57.770+0000] {processor.py:208} INFO - Processing /opt/airflow/dags/example_dag.py took 0.093 seconds
[2024-09-01T20:49:28.173+0000] {processor.py:186} INFO - Started process (PID=206) to work on /opt/airflow/dags/example_dag.py
[2024-09-01T20:49:28.174+0000] {processor.py:914} INFO - Processing file /opt/airflow/dags/example_dag.py for tasks to queue
[2024-09-01T20:49:28.176+0000] {logging_mixin.py:190} INFO - [2024-09-01T20:49:28.175+0000] {dagbag.py:587} INFO - Filling up the DagBag from /opt/airflow/dags/example_dag.py
[2024-09-01T20:49:28.191+0000] {processor.py:925} INFO - DAG(s) 'example_dag' retrieved from /opt/airflow/dags/example_dag.py
[2024-09-01T20:49:28.218+0000] {logging_mixin.py:190} INFO - [2024-09-01T20:49:28.218+0000] {dag.py:3211} INFO - Sync 1 DAGs
[2024-09-01T20:49:28.240+0000] {logging_mixin.py:190} INFO - [2024-09-01T20:49:28.239+0000] {dag.py:4138} INFO - Setting next_dagrun for example_dag to 2024-08-31 00:00:00+00:00, run_after=2024-09-01 00:00:00+00:00
[2024-09-01T20:49:28.262+0000] {processor.py:208} INFO - Processing /opt/airflow/dags/example_dag.py took 0.095 seconds
[2024-09-01T20:49:58.533+0000] {processor.py:186} INFO - Started process (PID=213) to work on /opt/airflow/dags/example_dag.py
[2024-09-01T20:49:58.534+0000] {processor.py:914} INFO - Processing file /opt/airflow/dags/example_dag.py for tasks to queue
[2024-09-01T20:49:58.535+0000] {logging_mixin.py:190} INFO - [2024-09-01T20:49:58.535+0000] {dagbag.py:587} INFO - Filling up the DagBag from /opt/airflow/dags/example_dag.py
[2024-09-01T20:49:58.555+0000] {processor.py:925} INFO - DAG(s) 'example_dag' retrieved from /opt/airflow/dags/example_dag.py
[2024-09-01T20:49:58.575+0000] {logging_mixin.py:190} INFO - [2024-09-01T20:49:58.574+0000] {dag.py:3211} INFO - Sync 1 DAGs
[2024-09-01T20:49:58.596+0000] {logging_mixin.py:190} INFO - [2024-09-01T20:49:58.596+0000] {dag.py:4138} INFO - Setting next_dagrun for example_dag to 2024-08-31 00:00:00+00:00, run_after=2024-09-01 00:00:00+00:00
[2024-09-01T20:49:58.617+0000] {processor.py:208} INFO - Processing /opt/airflow/dags/example_dag.py took 0.089 seconds
[2024-09-01T20:50:28.926+0000] {processor.py:186} INFO - Started process (PID=220) to work on /opt/airflow/dags/example_dag.py
[2024-09-01T20:50:28.927+0000] {processor.py:914} INFO - Processing file /opt/airflow/dags/example_dag.py for tasks to queue
[2024-09-01T20:50:28.929+0000] {logging_mixin.py:190} INFO - [2024-09-01T20:50:28.928+0000] {dagbag.py:587} INFO - Filling up the DagBag from /opt/airflow/dags/example_dag.py
[2024-09-01T20:50:28.943+0000] {processor.py:925} INFO - DAG(s) 'example_dag' retrieved from /opt/airflow/dags/example_dag.py
[2024-09-01T20:50:28.963+0000] {logging_mixin.py:190} INFO - [2024-09-01T20:50:28.962+0000] {dag.py:3211} INFO - Sync 1 DAGs
[2024-09-01T20:50:28.982+0000] {logging_mixin.py:190} INFO - [2024-09-01T20:50:28.982+0000] {dag.py:4138} INFO - Setting next_dagrun for example_dag to 2024-08-31 00:00:00+00:00, run_after=2024-09-01 00:00:00+00:00
[2024-09-01T20:50:29.110+0000] {processor.py:208} INFO - Processing /opt/airflow/dags/example_dag.py took 0.188 seconds
[2024-09-01T20:50:59.242+0000] {processor.py:186} INFO - Started process (PID=227) to work on /opt/airflow/dags/example_dag.py
[2024-09-01T20:50:59.243+0000] {processor.py:914} INFO - Processing file /opt/airflow/dags/example_dag.py for tasks to queue
[2024-09-01T20:50:59.245+0000] {logging_mixin.py:190} INFO - [2024-09-01T20:50:59.245+0000] {dagbag.py:587} INFO - Filling up the DagBag from /opt/airflow/dags/example_dag.py
[2024-09-01T20:50:59.262+0000] {processor.py:925} INFO - DAG(s) 'example_dag' retrieved from /opt/airflow/dags/example_dag.py
[2024-09-01T20:50:59.288+0000] {logging_mixin.py:190} INFO - [2024-09-01T20:50:59.287+0000] {dag.py:3211} INFO - Sync 1 DAGs
[2024-09-01T20:50:59.411+0000] {logging_mixin.py:190} INFO - [2024-09-01T20:50:59.411+0000] {dag.py:4138} INFO - Setting next_dagrun for example_dag to 2024-08-31 00:00:00+00:00, run_after=2024-09-01 00:00:00+00:00
[2024-09-01T20:50:59.431+0000] {processor.py:208} INFO - Processing /opt/airflow/dags/example_dag.py took 0.194 seconds
[2024-09-01T20:51:29.707+0000] {processor.py:186} INFO - Started process (PID=234) to work on /opt/airflow/dags/example_dag.py
[2024-09-01T20:51:29.708+0000] {processor.py:914} INFO - Processing file /opt/airflow/dags/example_dag.py for tasks to queue
[2024-09-01T20:51:29.709+0000] {logging_mixin.py:190} INFO - [2024-09-01T20:51:29.708+0000] {dagbag.py:587} INFO - Filling up the DagBag from /opt/airflow/dags/example_dag.py
[2024-09-01T20:51:29.725+0000] {processor.py:925} INFO - DAG(s) 'example_dag' retrieved from /opt/airflow/dags/example_dag.py
[2024-09-01T20:51:29.746+0000] {logging_mixin.py:190} INFO - [2024-09-01T20:51:29.746+0000] {dag.py:3211} INFO - Sync 1 DAGs
[2024-09-01T20:51:29.765+0000] {logging_mixin.py:190} INFO - [2024-09-01T20:51:29.765+0000] {dag.py:4138} INFO - Setting next_dagrun for example_dag to 2024-08-31 00:00:00+00:00, run_after=2024-09-01 00:00:00+00:00
[2024-09-01T20:51:29.781+0000] {processor.py:208} INFO - Processing /opt/airflow/dags/example_dag.py took 0.079 seconds
[2024-09-01T20:52:00.985+0000] {processor.py:186} INFO - Started process (PID=241) to work on /opt/airflow/dags/example_dag.py
[2024-09-01T20:52:00.999+0000] {processor.py:914} INFO - Processing file /opt/airflow/dags/example_dag.py for tasks to queue
[2024-09-01T20:52:01.009+0000] {logging_mixin.py:190} INFO - [2024-09-01T20:52:01.007+0000] {dagbag.py:587} INFO - Filling up the DagBag from /opt/airflow/dags/example_dag.py
[2024-09-01T20:52:01.573+0000] {processor.py:925} INFO - DAG(s) 'example_dag' retrieved from /opt/airflow/dags/example_dag.py
[2024-09-01T20:52:01.694+0000] {logging_mixin.py:190} INFO - [2024-09-01T20:52:01.693+0000] {dag.py:3211} INFO - Sync 1 DAGs
[2024-09-01T20:52:01.811+0000] {logging_mixin.py:190} INFO - [2024-09-01T20:52:01.810+0000] {dag.py:4138} INFO - Setting next_dagrun for example_dag to 2024-08-31 00:00:00+00:00, run_after=2024-09-01 00:00:00+00:00
[2024-09-01T20:52:01.930+0000] {processor.py:208} INFO - Processing /opt/airflow/dags/example_dag.py took 0.971 seconds
[2024-09-01T20:52:32.267+0000] {processor.py:186} INFO - Started process (PID=248) to work on /opt/airflow/dags/example_dag.py
[2024-09-01T20:52:32.269+0000] {processor.py:914} INFO - Processing file /opt/airflow/dags/example_dag.py for tasks to queue
[2024-09-01T20:52:32.270+0000] {logging_mixin.py:190} INFO - [2024-09-01T20:52:32.270+0000] {dagbag.py:587} INFO - Filling up the DagBag from /opt/airflow/dags/example_dag.py
[2024-09-01T20:52:32.289+0000] {processor.py:925} INFO - DAG(s) 'example_dag' retrieved from /opt/airflow/dags/example_dag.py
[2024-09-01T20:52:32.317+0000] {logging_mixin.py:190} INFO - [2024-09-01T20:52:32.316+0000] {dag.py:3211} INFO - Sync 1 DAGs
[2024-09-01T20:52:32.338+0000] {logging_mixin.py:190} INFO - [2024-09-01T20:52:32.338+0000] {dag.py:4138} INFO - Setting next_dagrun for example_dag to 2024-08-31 00:00:00+00:00, run_after=2024-09-01 00:00:00+00:00
[2024-09-01T20:52:32.356+0000] {processor.py:208} INFO - Processing /opt/airflow/dags/example_dag.py took 0.094 seconds
[2024-09-01T20:53:02.551+0000] {processor.py:186} INFO - Started process (PID=255) to work on /opt/airflow/dags/example_dag.py
[2024-09-01T20:53:02.552+0000] {processor.py:914} INFO - Processing file /opt/airflow/dags/example_dag.py for tasks to queue
[2024-09-01T20:53:02.553+0000] {logging_mixin.py:190} INFO - [2024-09-01T20:53:02.553+0000] {dagbag.py:587} INFO - Filling up the DagBag from /opt/airflow/dags/example_dag.py
[2024-09-01T20:53:02.574+0000] {processor.py:925} INFO - DAG(s) 'example_dag' retrieved from /opt/airflow/dags/example_dag.py
[2024-09-01T20:53:02.601+0000] {logging_mixin.py:190} INFO - [2024-09-01T20:53:02.600+0000] {dag.py:3211} INFO - Sync 1 DAGs
[2024-09-01T20:53:02.627+0000] {logging_mixin.py:190} INFO - [2024-09-01T20:53:02.626+0000] {dag.py:4138} INFO - Setting next_dagrun for example_dag to 2024-08-31 00:00:00+00:00, run_after=2024-09-01 00:00:00+00:00
[2024-09-01T20:53:02.651+0000] {processor.py:208} INFO - Processing /opt/airflow/dags/example_dag.py took 0.105 seconds
[2024-09-01T20:53:32.946+0000] {processor.py:186} INFO - Started process (PID=262) to work on /opt/airflow/dags/example_dag.py
[2024-09-01T20:53:32.947+0000] {processor.py:914} INFO - Processing file /opt/airflow/dags/example_dag.py for tasks to queue
[2024-09-01T20:53:32.948+0000] {logging_mixin.py:190} INFO - [2024-09-01T20:53:32.947+0000] {dagbag.py:587} INFO - Filling up the DagBag from /opt/airflow/dags/example_dag.py
[2024-09-01T20:53:32.964+0000] {processor.py:925} INFO - DAG(s) 'example_dag' retrieved from /opt/airflow/dags/example_dag.py
[2024-09-01T20:53:32.985+0000] {logging_mixin.py:190} INFO - [2024-09-01T20:53:32.985+0000] {dag.py:3211} INFO - Sync 1 DAGs
[2024-09-01T20:53:33.140+0000] {logging_mixin.py:190} INFO - [2024-09-01T20:53:33.140+0000] {dag.py:4138} INFO - Setting next_dagrun for example_dag to 2024-08-31 00:00:00+00:00, run_after=2024-09-01 00:00:00+00:00
[2024-09-01T20:53:33.159+0000] {processor.py:208} INFO - Processing /opt/airflow/dags/example_dag.py took 0.218 seconds
[2024-09-01T20:54:03.231+0000] {processor.py:186} INFO - Started process (PID=269) to work on /opt/airflow/dags/example_dag.py
[2024-09-01T20:54:03.232+0000] {processor.py:914} INFO - Processing file /opt/airflow/dags/example_dag.py for tasks to queue
[2024-09-01T20:54:03.233+0000] {logging_mixin.py:190} INFO - [2024-09-01T20:54:03.233+0000] {dagbag.py:587} INFO - Filling up the DagBag from /opt/airflow/dags/example_dag.py
[2024-09-01T20:54:03.251+0000] {processor.py:925} INFO - DAG(s) 'example_dag' retrieved from /opt/airflow/dags/example_dag.py
[2024-09-01T20:54:03.272+0000] {logging_mixin.py:190} INFO - [2024-09-01T20:54:03.271+0000] {dag.py:3211} INFO - Sync 1 DAGs
[2024-09-01T20:54:03.397+0000] {logging_mixin.py:190} INFO - [2024-09-01T20:54:03.397+0000] {dag.py:4138} INFO - Setting next_dagrun for example_dag to 2024-08-31 00:00:00+00:00, run_after=2024-09-01 00:00:00+00:00
[2024-09-01T20:54:03.419+0000] {processor.py:208} INFO - Processing /opt/airflow/dags/example_dag.py took 0.193 seconds
[2024-09-01T20:57:05.238+0000] {processor.py:186} INFO - Started process (PID=66) to work on /opt/airflow/dags/example_dag.py
[2024-09-01T20:57:05.239+0000] {processor.py:914} INFO - Processing file /opt/airflow/dags/example_dag.py for tasks to queue
[2024-09-01T20:57:05.243+0000] {logging_mixin.py:190} INFO - [2024-09-01T20:57:05.242+0000] {dagbag.py:587} INFO - Filling up the DagBag from /opt/airflow/dags/example_dag.py
[2024-09-01T20:57:05.315+0000] {processor.py:925} INFO - DAG(s) 'example_dag' retrieved from /opt/airflow/dags/example_dag.py
[2024-09-01T20:57:05.378+0000] {logging_mixin.py:190} INFO - [2024-09-01T20:57:05.377+0000] {dag.py:3211} INFO - Sync 1 DAGs
[2024-09-01T20:57:05.425+0000] {logging_mixin.py:190} INFO - [2024-09-01T20:57:05.425+0000] {dag.py:4138} INFO - Setting next_dagrun for example_dag to 2024-08-31 00:00:00+00:00, run_after=2024-09-01 00:00:00+00:00
[2024-09-01T20:57:05.459+0000] {processor.py:208} INFO - Processing /opt/airflow/dags/example_dag.py took 0.270 seconds
[2024-09-01T20:57:35.556+0000] {processor.py:186} INFO - Started process (PID=73) to work on /opt/airflow/dags/example_dag.py
[2024-09-01T20:57:35.557+0000] {processor.py:914} INFO - Processing file /opt/airflow/dags/example_dag.py for tasks to queue
[2024-09-01T20:57:35.563+0000] {logging_mixin.py:190} INFO - [2024-09-01T20:57:35.562+0000] {dagbag.py:587} INFO - Filling up the DagBag from /opt/airflow/dags/example_dag.py
[2024-09-01T20:57:35.579+0000] {processor.py:925} INFO - DAG(s) 'example_dag' retrieved from /opt/airflow/dags/example_dag.py
[2024-09-01T20:57:35.603+0000] {logging_mixin.py:190} INFO - [2024-09-01T20:57:35.602+0000] {dag.py:3211} INFO - Sync 1 DAGs
[2024-09-01T20:57:35.621+0000] {logging_mixin.py:190} INFO - [2024-09-01T20:57:35.621+0000] {dag.py:4138} INFO - Setting next_dagrun for example_dag to 2024-08-31 00:00:00+00:00, run_after=2024-09-01 00:00:00+00:00
[2024-09-01T20:57:35.641+0000] {processor.py:208} INFO - Processing /opt/airflow/dags/example_dag.py took 0.092 seconds
[2024-09-01T20:58:05.857+0000] {processor.py:186} INFO - Started process (PID=80) to work on /opt/airflow/dags/example_dag.py
[2024-09-01T20:58:05.858+0000] {processor.py:914} INFO - Processing file /opt/airflow/dags/example_dag.py for tasks to queue
[2024-09-01T20:58:05.861+0000] {logging_mixin.py:190} INFO - [2024-09-01T20:58:05.860+0000] {dagbag.py:587} INFO - Filling up the DagBag from /opt/airflow/dags/example_dag.py
[2024-09-01T20:58:05.879+0000] {processor.py:925} INFO - DAG(s) 'example_dag' retrieved from /opt/airflow/dags/example_dag.py
[2024-09-01T20:58:05.912+0000] {logging_mixin.py:190} INFO - [2024-09-01T20:58:05.911+0000] {dag.py:3211} INFO - Sync 1 DAGs
[2024-09-01T20:58:05.934+0000] {logging_mixin.py:190} INFO - [2024-09-01T20:58:05.934+0000] {dag.py:4138} INFO - Setting next_dagrun for example_dag to 2024-08-31 00:00:00+00:00, run_after=2024-09-01 00:00:00+00:00
[2024-09-01T20:58:05.962+0000] {processor.py:208} INFO - Processing /opt/airflow/dags/example_dag.py took 0.111 seconds
[2024-09-01T21:31:43.949+0000] {processor.py:186} INFO - Started process (PID=56) to work on /opt/airflow/dags/example_dag.py
[2024-09-01T21:31:43.955+0000] {processor.py:914} INFO - Processing file /opt/airflow/dags/example_dag.py for tasks to queue
[2024-09-01T21:31:43.964+0000] {logging_mixin.py:190} INFO - [2024-09-01T21:31:43.963+0000] {dagbag.py:587} INFO - Filling up the DagBag from /opt/airflow/dags/example_dag.py
[2024-09-01T21:31:44.077+0000] {processor.py:925} INFO - DAG(s) 'example_dag' retrieved from /opt/airflow/dags/example_dag.py
[2024-09-01T21:31:44.230+0000] {logging_mixin.py:190} INFO - [2024-09-01T21:31:44.229+0000] {dag.py:3211} INFO - Sync 1 DAGs
[2024-09-01T21:31:44.349+0000] {logging_mixin.py:190} INFO - [2024-09-01T21:31:44.348+0000] {dag.py:4138} INFO - Setting next_dagrun for example_dag to 2024-08-31 00:00:00+00:00, run_after=2024-09-01 00:00:00+00:00
[2024-09-01T21:31:44.425+0000] {processor.py:208} INFO - Processing /opt/airflow/dags/example_dag.py took 0.492 seconds
[2024-09-01T21:32:14.710+0000] {processor.py:186} INFO - Started process (PID=70) to work on /opt/airflow/dags/example_dag.py
[2024-09-01T21:32:14.712+0000] {processor.py:914} INFO - Processing file /opt/airflow/dags/example_dag.py for tasks to queue
[2024-09-01T21:32:14.717+0000] {logging_mixin.py:190} INFO - [2024-09-01T21:32:14.716+0000] {dagbag.py:587} INFO - Filling up the DagBag from /opt/airflow/dags/example_dag.py
[2024-09-01T21:32:14.742+0000] {processor.py:925} INFO - DAG(s) 'example_dag' retrieved from /opt/airflow/dags/example_dag.py
[2024-09-01T21:32:14.782+0000] {logging_mixin.py:190} INFO - [2024-09-01T21:32:14.781+0000] {dag.py:3211} INFO - Sync 1 DAGs
[2024-09-01T21:32:14.808+0000] {logging_mixin.py:190} INFO - [2024-09-01T21:32:14.808+0000] {dag.py:4138} INFO - Setting next_dagrun for example_dag to 2024-08-31 00:00:00+00:00, run_after=2024-09-01 00:00:00+00:00
[2024-09-01T21:32:14.831+0000] {processor.py:208} INFO - Processing /opt/airflow/dags/example_dag.py took 0.128 seconds
[2024-09-01T21:49:57.711+0000] {processor.py:186} INFO - Started process (PID=66) to work on /opt/airflow/dags/example_dag.py
[2024-09-01T21:49:57.724+0000] {processor.py:914} INFO - Processing file /opt/airflow/dags/example_dag.py for tasks to queue
[2024-09-01T21:49:57.760+0000] {logging_mixin.py:190} INFO - [2024-09-01T21:49:57.755+0000] {dagbag.py:587} INFO - Filling up the DagBag from /opt/airflow/dags/example_dag.py
[2024-09-01T21:49:57.980+0000] {processor.py:925} INFO - DAG(s) 'example_dag' retrieved from /opt/airflow/dags/example_dag.py
[2024-09-01T21:49:58.207+0000] {logging_mixin.py:190} INFO - [2024-09-01T21:49:58.206+0000] {dag.py:3211} INFO - Sync 1 DAGs
[2024-09-01T21:49:58.321+0000] {logging_mixin.py:190} INFO - [2024-09-01T21:49:58.321+0000] {dag.py:4138} INFO - Setting next_dagrun for example_dag to 2024-08-31 00:00:00+00:00, run_after=2024-09-01 00:00:00+00:00
[2024-09-01T21:49:58.360+0000] {processor.py:208} INFO - Processing /opt/airflow/dags/example_dag.py took 0.712 seconds
[2024-09-01T21:50:28.734+0000] {processor.py:186} INFO - Started process (PID=73) to work on /opt/airflow/dags/example_dag.py
[2024-09-01T21:50:28.736+0000] {processor.py:914} INFO - Processing file /opt/airflow/dags/example_dag.py for tasks to queue
[2024-09-01T21:50:28.748+0000] {logging_mixin.py:190} INFO - [2024-09-01T21:50:28.748+0000] {dagbag.py:587} INFO - Filling up the DagBag from /opt/airflow/dags/example_dag.py
[2024-09-01T21:50:28.781+0000] {processor.py:925} INFO - DAG(s) 'example_dag' retrieved from /opt/airflow/dags/example_dag.py
[2024-09-01T21:50:28.820+0000] {logging_mixin.py:190} INFO - [2024-09-01T21:50:28.819+0000] {dag.py:3211} INFO - Sync 1 DAGs
[2024-09-01T21:50:28.843+0000] {logging_mixin.py:190} INFO - [2024-09-01T21:50:28.843+0000] {dag.py:4138} INFO - Setting next_dagrun for example_dag to 2024-08-31 00:00:00+00:00, run_after=2024-09-01 00:00:00+00:00
[2024-09-01T21:50:28.866+0000] {processor.py:208} INFO - Processing /opt/airflow/dags/example_dag.py took 0.139 seconds
