[2024-09-01T20:39:18.311+0000] {manager.py:483} INFO - Processing files using up to 2 processes at a time 
[2024-09-01T20:39:18.318+0000] {manager.py:484} INFO - Process each file at most once every 30 seconds
[2024-09-01T20:39:18.319+0000] {manager.py:485} INFO - Checking for new files in /opt/airflow/dags every 300 seconds
[2024-09-01T20:39:18.320+0000] {manager.py:821} INFO - Searching for files in /opt/airflow/dags
[2024-09-01T20:39:18.376+0000] {manager.py:824} INFO - There are 1 files in /opt/airflow/dags
[2024-09-01T20:39:18.618+0000] {manager.py:997} INFO - 
================================================================================
DAG File Processing Stats

File Path                           PID  Runtime      # DAGs    # Errors  Last Runtime    Last Run      Last # of DB Queries
--------------------------------  -----  ---------  --------  ----------  --------------  ----------  ----------------------
/opt/airflow/dags/example_dag.py     59  0.10s             0           0                                                   0
================================================================================
[2024-09-01T20:39:48.908+0000] {manager.py:997} INFO - 
================================================================================
DAG File Processing Stats

File Path                         PID    Runtime      # DAGs    # Errors  Last Runtime    Last Run               Last # of DB Queries
--------------------------------  -----  ---------  --------  ----------  --------------  -------------------  ----------------------
/opt/airflow/dags/example_dag.py                           1           0  1.42s           2024-09-01T20:39:19                      26
================================================================================
[2024-09-01T20:40:19.457+0000] {manager.py:997} INFO - 
================================================================================
DAG File Processing Stats

File Path                         PID    Runtime      # DAGs    # Errors  Last Runtime    Last Run               Last # of DB Queries
--------------------------------  -----  ---------  --------  ----------  --------------  -------------------  ----------------------
/opt/airflow/dags/example_dag.py                           1           0  0.35s           2024-09-01T20:39:50                      12
================================================================================
[2024-09-01T20:40:50.026+0000] {manager.py:997} INFO - 
================================================================================
DAG File Processing Stats

File Path                         PID    Runtime      # DAGs    # Errors  Last Runtime    Last Run               Last # of DB Queries
--------------------------------  -----  ---------  --------  ----------  --------------  -------------------  ----------------------
/opt/airflow/dags/example_dag.py                           1           0  0.11s           2024-09-01T20:40:20                      12
================================================================================
[2024-09-01T20:41:20.373+0000] {manager.py:997} INFO - 
================================================================================
DAG File Processing Stats

File Path                         PID    Runtime      # DAGs    # Errors  Last Runtime    Last Run               Last # of DB Queries
--------------------------------  -----  ---------  --------  ----------  --------------  -------------------  ----------------------
/opt/airflow/dags/example_dag.py                           1           0  0.14s           2024-09-01T20:40:51                      12
================================================================================
[2024-09-01T20:41:50.776+0000] {manager.py:997} INFO - 
================================================================================
DAG File Processing Stats

File Path                         PID    Runtime      # DAGs    # Errors  Last Runtime    Last Run               Last # of DB Queries
--------------------------------  -----  ---------  --------  ----------  --------------  -------------------  ----------------------
/opt/airflow/dags/example_dag.py                           1           0  0.11s           2024-09-01T20:41:21                      12
================================================================================
[2024-09-01T20:42:21.090+0000] {manager.py:997} INFO - 
================================================================================
DAG File Processing Stats

File Path                         PID    Runtime      # DAGs    # Errors  Last Runtime    Last Run               Last # of DB Queries
--------------------------------  -----  ---------  --------  ----------  --------------  -------------------  ----------------------
/opt/airflow/dags/example_dag.py                           1           0  0.11s           2024-09-01T20:41:51                      12
================================================================================
[2024-09-01T20:42:51.472+0000] {manager.py:997} INFO - 
================================================================================
DAG File Processing Stats

File Path                         PID    Runtime      # DAGs    # Errors  Last Runtime    Last Run               Last # of DB Queries
--------------------------------  -----  ---------  --------  ----------  --------------  -------------------  ----------------------
/opt/airflow/dags/example_dag.py                           1           0  0.12s           2024-09-01T20:42:22                      12
================================================================================
[2024-09-01T20:43:21.766+0000] {manager.py:997} INFO - 
================================================================================
DAG File Processing Stats

File Path                         PID    Runtime      # DAGs    # Errors  Last Runtime    Last Run               Last # of DB Queries
--------------------------------  -----  ---------  --------  ----------  --------------  -------------------  ----------------------
/opt/airflow/dags/example_dag.py                           1           0  0.10s           2024-09-01T20:42:52                      12
================================================================================
[2024-09-01T20:43:52.114+0000] {manager.py:997} INFO - 
================================================================================
DAG File Processing Stats

File Path                         PID    Runtime      # DAGs    # Errors  Last Runtime    Last Run               Last # of DB Queries
--------------------------------  -----  ---------  --------  ----------  --------------  -------------------  ----------------------
/opt/airflow/dags/example_dag.py                           1           0  0.13s           2024-09-01T20:43:22                      12
================================================================================
[2024-09-01T20:44:18.374+0000] {manager.py:821} INFO - Searching for files in /opt/airflow/dags
[2024-09-01T20:44:18.400+0000] {manager.py:824} INFO - There are 1 files in /opt/airflow/dags
[2024-09-01T20:44:22.458+0000] {manager.py:997} INFO - 
================================================================================
DAG File Processing Stats

File Path                         PID    Runtime      # DAGs    # Errors  Last Runtime    Last Run               Last # of DB Queries
--------------------------------  -----  ---------  --------  ----------  --------------  -------------------  ----------------------
/opt/airflow/dags/example_dag.py                           1           0  0.11s           2024-09-01T20:43:53                      12
================================================================================
[2024-09-01T20:44:52.734+0000] {manager.py:997} INFO - 
================================================================================
DAG File Processing Stats

File Path                         PID    Runtime      # DAGs    # Errors  Last Runtime    Last Run               Last # of DB Queries
--------------------------------  -----  ---------  --------  ----------  --------------  -------------------  ----------------------
/opt/airflow/dags/example_dag.py                           1           0  0.11s           2024-09-01T20:44:23                      12
================================================================================
[2024-09-01T20:45:23.079+0000] {manager.py:997} INFO - 
================================================================================
DAG File Processing Stats

File Path                         PID    Runtime      # DAGs    # Errors  Last Runtime    Last Run               Last # of DB Queries
--------------------------------  -----  ---------  --------  ----------  --------------  -------------------  ----------------------
/opt/airflow/dags/example_dag.py                           1           0  0.32s           2024-09-01T20:44:54                      12
================================================================================
[2024-09-01T20:45:53.547+0000] {manager.py:997} INFO - 
================================================================================
DAG File Processing Stats

File Path                         PID    Runtime      # DAGs    # Errors  Last Runtime    Last Run               Last # of DB Queries
--------------------------------  -----  ---------  --------  ----------  --------------  -------------------  ----------------------
/opt/airflow/dags/example_dag.py                           1           0  0.27s           2024-09-01T20:45:24                      12
================================================================================
[2024-09-01T20:46:23.870+0000] {manager.py:997} INFO - 
================================================================================
DAG File Processing Stats

File Path                         PID    Runtime      # DAGs    # Errors  Last Runtime    Last Run               Last # of DB Queries
--------------------------------  -----  ---------  --------  ----------  --------------  -------------------  ----------------------
/opt/airflow/dags/example_dag.py                           1           0  0.10s           2024-09-01T20:45:54                      12
================================================================================
[2024-09-01T20:46:54.185+0000] {manager.py:997} INFO - 
================================================================================
DAG File Processing Stats

File Path                         PID    Runtime      # DAGs    # Errors  Last Runtime    Last Run               Last # of DB Queries
--------------------------------  -----  ---------  --------  ----------  --------------  -------------------  ----------------------
/opt/airflow/dags/example_dag.py                           1           0  0.14s           2024-09-01T20:46:25                      12
================================================================================
[2024-09-01T20:47:24.560+0000] {manager.py:997} INFO - 
================================================================================
DAG File Processing Stats

File Path                         PID    Runtime      # DAGs    # Errors  Last Runtime    Last Run               Last # of DB Queries
--------------------------------  -----  ---------  --------  ----------  --------------  -------------------  ----------------------
/opt/airflow/dags/example_dag.py                           1           0  0.11s           2024-09-01T20:46:55                      12
================================================================================
[2024-09-01T20:47:54.994+0000] {manager.py:997} INFO - 
================================================================================
DAG File Processing Stats

File Path                         PID    Runtime      # DAGs    # Errors  Last Runtime    Last Run               Last # of DB Queries
--------------------------------  -----  ---------  --------  ----------  --------------  -------------------  ----------------------
/opt/airflow/dags/example_dag.py                           1           0  0.84s           2024-09-01T20:47:26                      12
================================================================================
[2024-09-01T20:48:25.293+0000] {manager.py:997} INFO - 
================================================================================
DAG File Processing Stats

File Path                         PID    Runtime      # DAGs    # Errors  Last Runtime    Last Run               Last # of DB Queries
--------------------------------  -----  ---------  --------  ----------  --------------  -------------------  ----------------------
/opt/airflow/dags/example_dag.py                           1           0  0.22s           2024-09-01T20:47:57                      12
================================================================================
[2024-09-01T20:48:55.596+0000] {manager.py:997} INFO - 
================================================================================
DAG File Processing Stats

File Path                         PID    Runtime      # DAGs    # Errors  Last Runtime    Last Run               Last # of DB Queries
--------------------------------  -----  ---------  --------  ----------  --------------  -------------------  ----------------------
/opt/airflow/dags/example_dag.py                           1           0  0.13s           2024-09-01T20:48:27                      12
================================================================================
[2024-09-01T20:49:18.986+0000] {manager.py:821} INFO - Searching for files in /opt/airflow/dags
[2024-09-01T20:49:19.042+0000] {manager.py:824} INFO - There are 1 files in /opt/airflow/dags
[2024-09-01T20:49:26.127+0000] {manager.py:997} INFO - 
================================================================================
DAG File Processing Stats

File Path                         PID    Runtime      # DAGs    # Errors  Last Runtime    Last Run               Last # of DB Queries
--------------------------------  -----  ---------  --------  ----------  --------------  -------------------  ----------------------
/opt/airflow/dags/example_dag.py                           1           0  0.13s           2024-09-01T20:48:57                      12
================================================================================
[2024-09-01T20:49:56.476+0000] {manager.py:997} INFO - 
================================================================================
DAG File Processing Stats

File Path                         PID    Runtime      # DAGs    # Errors  Last Runtime    Last Run               Last # of DB Queries
--------------------------------  -----  ---------  --------  ----------  --------------  -------------------  ----------------------
/opt/airflow/dags/example_dag.py                           1           0  0.11s           2024-09-01T20:49:28                      12
================================================================================
[2024-09-01T20:50:26.858+0000] {manager.py:997} INFO - 
================================================================================
DAG File Processing Stats

File Path                         PID    Runtime      # DAGs    # Errors  Last Runtime    Last Run               Last # of DB Queries
--------------------------------  -----  ---------  --------  ----------  --------------  -------------------  ----------------------
/opt/airflow/dags/example_dag.py                           1           0  0.11s           2024-09-01T20:49:58                      12
================================================================================
[2024-09-01T20:50:57.189+0000] {manager.py:997} INFO - 
================================================================================
DAG File Processing Stats

File Path                         PID    Runtime      # DAGs    # Errors  Last Runtime    Last Run               Last # of DB Queries
--------------------------------  -----  ---------  --------  ----------  --------------  -------------------  ----------------------
/opt/airflow/dags/example_dag.py                           1           0  0.22s           2024-09-01T20:50:29                      12
================================================================================
[2024-09-01T20:51:27.670+0000] {manager.py:997} INFO - 
================================================================================
DAG File Processing Stats

File Path                         PID    Runtime      # DAGs    # Errors  Last Runtime    Last Run               Last # of DB Queries
--------------------------------  -----  ---------  --------  ----------  --------------  -------------------  ----------------------
/opt/airflow/dags/example_dag.py                           1           0  0.22s           2024-09-01T20:50:59                      12
================================================================================
[2024-09-01T20:51:58.051+0000] {manager.py:997} INFO - 
================================================================================
DAG File Processing Stats

File Path                         PID    Runtime      # DAGs    # Errors  Last Runtime    Last Run               Last # of DB Queries
--------------------------------  -----  ---------  --------  ----------  --------------  -------------------  ----------------------
/opt/airflow/dags/example_dag.py                           1           0  0.09s           2024-09-01T20:51:29                      12
================================================================================
[2024-09-01T20:52:28.187+0000] {manager.py:997} INFO - 
================================================================================
DAG File Processing Stats

File Path                         PID    Runtime      # DAGs    # Errors  Last Runtime    Last Run               Last # of DB Queries
--------------------------------  -----  ---------  --------  ----------  --------------  -------------------  ----------------------
/opt/airflow/dags/example_dag.py                           1           0  1.41s           2024-09-01T20:52:01                      12
================================================================================
[2024-09-01T20:52:58.498+0000] {manager.py:997} INFO - 
================================================================================
DAG File Processing Stats

File Path                         PID    Runtime      # DAGs    # Errors  Last Runtime    Last Run               Last # of DB Queries
--------------------------------  -----  ---------  --------  ----------  --------------  -------------------  ----------------------
/opt/airflow/dags/example_dag.py                           1           0  0.11s           2024-09-01T20:52:32                      12
================================================================================
[2024-09-01T20:53:28.877+0000] {manager.py:997} INFO - 
================================================================================
DAG File Processing Stats

File Path                         PID    Runtime      # DAGs    # Errors  Last Runtime    Last Run               Last # of DB Queries
--------------------------------  -----  ---------  --------  ----------  --------------  -------------------  ----------------------
/opt/airflow/dags/example_dag.py                           1           0  0.13s           2024-09-01T20:53:02                      12
================================================================================
[2024-09-01T20:53:59.186+0000] {manager.py:997} INFO - 
================================================================================
DAG File Processing Stats

File Path                         PID    Runtime      # DAGs    # Errors  Last Runtime    Last Run               Last # of DB Queries
--------------------------------  -----  ---------  --------  ----------  --------------  -------------------  ----------------------
/opt/airflow/dags/example_dag.py                           1           0  0.24s           2024-09-01T20:53:33                      12
================================================================================
[2024-09-01T20:54:17.261+0000] {manager.py:465} INFO - Exiting gracefully upon receiving signal 15
[2024-09-01T20:57:04.983+0000] {manager.py:483} INFO - Processing files using up to 2 processes at a time 
[2024-09-01T20:57:04.984+0000] {manager.py:484} INFO - Process each file at most once every 30 seconds
[2024-09-01T20:57:04.985+0000] {manager.py:485} INFO - Checking for new files in /opt/airflow/dags every 300 seconds
[2024-09-01T20:57:04.986+0000] {manager.py:821} INFO - Searching for files in /opt/airflow/dags
[2024-09-01T20:57:05.011+0000] {manager.py:824} INFO - There are 1 files in /opt/airflow/dags
[2024-09-01T20:57:05.211+0000] {manager.py:997} INFO - 
================================================================================
DAG File Processing Stats

File Path                           PID  Runtime      # DAGs    # Errors  Last Runtime    Last Run      Last # of DB Queries
--------------------------------  -----  ---------  --------  ----------  --------------  ----------  ----------------------
/opt/airflow/dags/example_dag.py     66  0.04s             0           0                                                   0
================================================================================
[2024-09-01T20:57:35.540+0000] {manager.py:997} INFO - 
================================================================================
DAG File Processing Stats

File Path                           PID  Runtime      # DAGs    # Errors  Last Runtime    Last Run               Last # of DB Queries
--------------------------------  -----  ---------  --------  ----------  --------------  -------------------  ----------------------
/opt/airflow/dags/example_dag.py     73  0.00s             1           0  0.31s           2024-09-01T20:57:05                      12
================================================================================
[2024-09-01T20:58:05.844+0000] {manager.py:997} INFO - 
================================================================================
DAG File Processing Stats

File Path                           PID  Runtime      # DAGs    # Errors  Last Runtime    Last Run               Last # of DB Queries
--------------------------------  -----  ---------  --------  ----------  --------------  -------------------  ----------------------
/opt/airflow/dags/example_dag.py     80  0.00s             1           0  0.11s           2024-09-01T20:57:35                      12
================================================================================
[2024-09-01T20:58:33.575+0000] {manager.py:465} INFO - Exiting gracefully upon receiving signal 15
[2024-09-01T21:31:43.852+0000] {manager.py:483} INFO - Processing files using up to 2 processes at a time 
[2024-09-01T21:31:43.854+0000] {manager.py:484} INFO - Process each file at most once every 30 seconds
[2024-09-01T21:31:43.854+0000] {manager.py:485} INFO - Checking for new files in /opt/airflow/dags every 300 seconds
[2024-09-01T21:31:43.855+0000] {manager.py:821} INFO - Searching for files in /opt/airflow/dags
[2024-09-01T21:31:43.873+0000] {manager.py:824} INFO - There are 1 files in /opt/airflow/dags
[2024-09-01T21:31:43.963+0000] {manager.py:997} INFO - 
================================================================================
DAG File Processing Stats

File Path                           PID  Runtime      # DAGs    # Errors  Last Runtime    Last Run      Last # of DB Queries
--------------------------------  -----  ---------  --------  ----------  --------------  ----------  ----------------------
/opt/airflow/dags/example_dag.py     56  0.03s             0           0                                                   0
================================================================================
[2024-09-01T21:32:14.219+0000] {manager.py:997} INFO - 
================================================================================
DAG File Processing Stats

File Path                         PID    Runtime      # DAGs    # Errors  Last Runtime    Last Run               Last # of DB Queries
--------------------------------  -----  ---------  --------  ----------  --------------  -------------------  ----------------------
/opt/airflow/dags/example_dag.py                           1           0  0.53s           2024-09-01T21:31:44                      12
================================================================================
[2024-09-01T21:32:39.328+0000] {manager.py:465} INFO - Exiting gracefully upon receiving signal 15
[2024-09-01T21:49:57.263+0000] {manager.py:483} INFO - Processing files using up to 2 processes at a time 
[2024-09-01T21:49:57.264+0000] {manager.py:484} INFO - Process each file at most once every 30 seconds
[2024-09-01T21:49:57.266+0000] {manager.py:485} INFO - Checking for new files in /opt/airflow/dags every 300 seconds
[2024-09-01T21:49:57.267+0000] {manager.py:821} INFO - Searching for files in /opt/airflow/dags
[2024-09-01T21:49:57.295+0000] {manager.py:824} INFO - There are 1 files in /opt/airflow/dags
[2024-09-01T21:49:57.762+0000] {manager.py:997} INFO - 
================================================================================
DAG File Processing Stats

File Path                           PID  Runtime      # DAGs    # Errors  Last Runtime    Last Run      Last # of DB Queries
--------------------------------  -----  ---------  --------  ----------  --------------  ----------  ----------------------
/opt/airflow/dags/example_dag.py     66  0.23s             0           0                                                   0
================================================================================
[2024-09-01T21:50:27.977+0000] {manager.py:997} INFO - 
================================================================================
DAG File Processing Stats

File Path                         PID    Runtime      # DAGs    # Errors  Last Runtime    Last Run               Last # of DB Queries
--------------------------------  -----  ---------  --------  ----------  --------------  -------------------  ----------------------
/opt/airflow/dags/example_dag.py                           1           0  0.86s           2024-09-01T21:49:58                      12
================================================================================
[2024-09-01T21:50:39.722+0000] {manager.py:465} INFO - Exiting gracefully upon receiving signal 15
[2024-09-02T06:51:17.307+0000] {manager.py:483} INFO - Processing files using up to 2 processes at a time 
[2024-09-02T06:51:17.309+0000] {manager.py:484} INFO - Process each file at most once every 30 seconds
[2024-09-02T06:51:17.310+0000] {manager.py:485} INFO - Checking for new files in /opt/airflow/dags every 300 seconds
[2024-09-02T06:51:17.311+0000] {manager.py:821} INFO - Searching for files in /opt/airflow/dags
[2024-09-02T06:51:17.351+0000] {manager.py:824} INFO - There are 1 files in /opt/airflow/dags
[2024-09-02T06:51:17.863+0000] {manager.py:997} INFO - 
================================================================================
DAG File Processing Stats

File Path                           PID  Runtime      # DAGs    # Errors  Last Runtime    Last Run      Last # of DB Queries
--------------------------------  -----  ---------  --------  ----------  --------------  ----------  ----------------------
/opt/airflow/dags/example_dag.py     63  0.25s             0           0                                                   0
================================================================================
[2024-09-02T06:51:48.098+0000] {manager.py:997} INFO - 
================================================================================
DAG File Processing Stats

File Path                         PID    Runtime      # DAGs    # Errors  Last Runtime    Last Run               Last # of DB Queries
--------------------------------  -----  ---------  --------  ----------  --------------  -------------------  ----------------------
/opt/airflow/dags/example_dag.py                           1           0  1.87s           2024-09-02T06:51:19                      22
================================================================================
[2024-09-02T06:52:18.956+0000] {manager.py:997} INFO - 
================================================================================
DAG File Processing Stats

File Path                         PID    Runtime      # DAGs    # Errors  Last Runtime    Last Run               Last # of DB Queries
--------------------------------  -----  ---------  --------  ----------  --------------  -------------------  ----------------------
/opt/airflow/dags/example_dag.py                           1           0  0.18s           2024-09-02T06:51:49                      12
================================================================================
[2024-09-02T06:52:49.411+0000] {manager.py:997} INFO - 
================================================================================
DAG File Processing Stats

File Path                         PID    Runtime      # DAGs    # Errors  Last Runtime    Last Run               Last # of DB Queries
--------------------------------  -----  ---------  --------  ----------  --------------  -------------------  ----------------------
/opt/airflow/dags/example_dag.py                           1           0  0.32s           2024-09-02T06:52:20                      12
================================================================================
[2024-09-02T06:53:19.894+0000] {manager.py:997} INFO - 
================================================================================
DAG File Processing Stats

File Path                         PID    Runtime      # DAGs    # Errors  Last Runtime    Last Run               Last # of DB Queries
--------------------------------  -----  ---------  --------  ----------  --------------  -------------------  ----------------------
/opt/airflow/dags/example_dag.py                           1           0  0.16s           2024-09-02T06:52:50                      12
================================================================================
[2024-09-02T06:53:50.222+0000] {manager.py:997} INFO - 
================================================================================
DAG File Processing Stats

File Path                         PID    Runtime      # DAGs    # Errors  Last Runtime    Last Run               Last # of DB Queries
--------------------------------  -----  ---------  --------  ----------  --------------  -------------------  ----------------------
/opt/airflow/dags/example_dag.py                           1           0  0.14s           2024-09-02T06:53:21                      12
================================================================================
[2024-09-02T06:54:20.613+0000] {manager.py:997} INFO - 
================================================================================
DAG File Processing Stats

File Path                         PID    Runtime      # DAGs    # Errors  Last Runtime    Last Run               Last # of DB Queries
--------------------------------  -----  ---------  --------  ----------  --------------  -------------------  ----------------------
/opt/airflow/dags/example_dag.py                           1           0  0.17s           2024-09-02T06:53:51                      12
================================================================================
[2024-09-02T06:54:50.959+0000] {manager.py:997} INFO - 
================================================================================
DAG File Processing Stats

File Path                         PID    Runtime      # DAGs    # Errors  Last Runtime    Last Run               Last # of DB Queries
--------------------------------  -----  ---------  --------  ----------  --------------  -------------------  ----------------------
/opt/airflow/dags/example_dag.py                           1           0  0.11s           2024-09-02T06:54:21                      12
================================================================================
[2024-09-02T06:55:11.606+0000] {manager.py:465} INFO - Exiting gracefully upon receiving signal 15
[2024-09-02T08:30:31.827+0000] {manager.py:483} INFO - Processing files using up to 2 processes at a time 
[2024-09-02T08:30:31.828+0000] {manager.py:484} INFO - Process each file at most once every 30 seconds
[2024-09-02T08:30:31.829+0000] {manager.py:485} INFO - Checking for new files in /opt/airflow/dags every 300 seconds
[2024-09-02T08:30:31.830+0000] {manager.py:821} INFO - Searching for files in /opt/airflow/dags
[2024-09-02T08:30:31.858+0000] {manager.py:824} INFO - There are 1 files in /opt/airflow/dags
[2024-09-02T08:30:32.083+0000] {manager.py:997} INFO - 
================================================================================
DAG File Processing Stats

File Path                           PID  Runtime      # DAGs    # Errors  Last Runtime    Last Run      Last # of DB Queries
--------------------------------  -----  ---------  --------  ----------  --------------  ----------  ----------------------
/opt/airflow/dags/example_dag.py     58  0.10s             0           0                                                   0
================================================================================
[2024-09-02T08:31:02.455+0000] {manager.py:997} INFO - 
================================================================================
DAG File Processing Stats

File Path                         PID    Runtime      # DAGs    # Errors  Last Runtime    Last Run               Last # of DB Queries
--------------------------------  -----  ---------  --------  ----------  --------------  -------------------  ----------------------
/opt/airflow/dags/example_dag.py                           1           0  0.69s           2024-09-02T08:30:32                      12
================================================================================
[2024-09-02T08:31:33.289+0000] {manager.py:997} INFO - 
================================================================================
DAG File Processing Stats

File Path                           PID  Runtime      # DAGs    # Errors  Last Runtime    Last Run               Last # of DB Queries
--------------------------------  -----  ---------  --------  ----------  --------------  -------------------  ----------------------
/opt/airflow/dags/example_dag.py     71  0.01s             1           0  0.12s           2024-09-02T08:31:03                      12
================================================================================
[2024-09-02T08:32:03.736+0000] {manager.py:997} INFO - 
================================================================================
DAG File Processing Stats

File Path                           PID  Runtime      # DAGs    # Errors  Last Runtime    Last Run               Last # of DB Queries
--------------------------------  -----  ---------  --------  ----------  --------------  -------------------  ----------------------
/opt/airflow/dags/example_dag.py     79  0.00s             1           0  0.13s           2024-09-02T08:31:33                      12
================================================================================
[2024-09-02T08:32:34.065+0000] {manager.py:997} INFO - 
================================================================================
DAG File Processing Stats

File Path                           PID  Runtime      # DAGs    # Errors  Last Runtime    Last Run               Last # of DB Queries
--------------------------------  -----  ---------  --------  ----------  --------------  -------------------  ----------------------
/opt/airflow/dags/example_dag.py     86  0.00s             1           0  0.11s           2024-09-02T08:32:03                      12
================================================================================
[2024-09-02T08:33:04.433+0000] {manager.py:997} INFO - 
================================================================================
DAG File Processing Stats

File Path                           PID  Runtime      # DAGs    # Errors  Last Runtime    Last Run               Last # of DB Queries
--------------------------------  -----  ---------  --------  ----------  --------------  -------------------  ----------------------
/opt/airflow/dags/example_dag.py     93  0.00s             1           0  0.10s           2024-09-02T08:32:34                      12
================================================================================
[2024-09-02T08:33:34.762+0000] {manager.py:997} INFO - 
================================================================================
DAG File Processing Stats

File Path                           PID  Runtime      # DAGs    # Errors  Last Runtime    Last Run               Last # of DB Queries
--------------------------------  -----  ---------  --------  ----------  --------------  -------------------  ----------------------
/opt/airflow/dags/example_dag.py    100  0.01s             1           0  0.12s           2024-09-02T08:33:04                      12
================================================================================
[2024-09-02T08:34:05.091+0000] {manager.py:997} INFO - 
================================================================================
DAG File Processing Stats

File Path                           PID  Runtime      # DAGs    # Errors  Last Runtime    Last Run               Last # of DB Queries
--------------------------------  -----  ---------  --------  ----------  --------------  -------------------  ----------------------
/opt/airflow/dags/example_dag.py    114  0.00s             1           0  0.17s           2024-09-02T08:33:34                      12
================================================================================
[2024-09-02T08:34:35.440+0000] {manager.py:997} INFO - 
================================================================================
DAG File Processing Stats

File Path                           PID  Runtime      # DAGs    # Errors  Last Runtime    Last Run               Last # of DB Queries
--------------------------------  -----  ---------  --------  ----------  --------------  -------------------  ----------------------
/opt/airflow/dags/example_dag.py    121  0.01s             1           0  0.11s           2024-09-02T08:34:05                      12
================================================================================
[2024-09-02T08:35:05.736+0000] {manager.py:997} INFO - 
================================================================================
DAG File Processing Stats

File Path                           PID  Runtime      # DAGs    # Errors  Last Runtime    Last Run               Last # of DB Queries
--------------------------------  -----  ---------  --------  ----------  --------------  -------------------  ----------------------
/opt/airflow/dags/example_dag.py    128  0.00s             1           0  0.14s           2024-09-02T08:34:35                      12
================================================================================
[2024-09-02T08:35:21.848+0000] {manager.py:465} INFO - Exiting gracefully upon receiving signal 15
